2024-07-17 10:54:03 [main] INFO  cz.cvut.iarylser.Application - Starting Application using Java 17.0.9 with PID 36800 (D:\Project\eventExplorerBackend\build\classes\java\main started by 1 in D:\Project\eventExplorerBackend)
2024-07-17 10:54:03 [main] DEBUG cz.cvut.iarylser.Application - Running with Spring Boot v3.1.5, Spring v6.0.13
2024-07-17 10:54:03 [main] INFO  cz.cvut.iarylser.Application - No active profile set, falling back to 1 default profile: "default"
2024-07-17 10:54:09 [main] INFO  cz.cvut.iarylser.Application - Started Application in 7.432 seconds (process running for 8.588)
2024-07-17 10:54:20 [http-nio-8080-exec-1] INFO  c.c.i.controller.EventController - PUT request received to update event with ID: 232
2024-07-17 10:54:20 [http-nio-8080-exec-1] INFO  c.c.i.dao.mappersDTO.EventMapperDTO - Converted EventDTO to entity: Event(id=null, organizerId=null, title=Pupa, organizer=null, dateAndTime=null, ticketPrice=0, location=null, capacity=0, soldTickets=0, description=null, topic=null, ageRestriction=false, user=null, likeBy=[], tickets=[], log=null)
2024-07-17 10:54:20 [http-nio-8080-exec-1] INFO  c.c.i.service.EventServiceImpl - Updating event with id: 232
2024-07-17 10:54:20 [http-nio-8080-exec-1] INFO  c.c.i.service.EventServiceImpl - Fetching event with id: 232
2024-07-17 10:54:20 [http-nio-8080-exec-1] WARN  c.c.i.service.EventServiceImpl - Event with id 232 not found for update
2024-07-17 10:54:20 [http-nio-8080-exec-1] WARN  c.c.i.controller.EventController - Failed to update event with ID 232: Event with id 232 not found
2024-07-17 10:56:39 [main] INFO  cz.cvut.iarylser.Application - Starting Application using Java 17.0.9 with PID 21288 (D:\Project\eventExplorerBackend\build\classes\java\main started by 1 in D:\Project\eventExplorerBackend)
2024-07-17 10:56:39 [main] DEBUG cz.cvut.iarylser.Application - Running with Spring Boot v3.1.5, Spring v6.0.13
2024-07-17 10:56:39 [main] INFO  cz.cvut.iarylser.Application - No active profile set, falling back to 1 default profile: "default"
2024-07-17 10:56:45 [main] INFO  cz.cvut.iarylser.Application - Started Application in 6.411 seconds (process running for 7.583)
2024-07-17 10:56:51 [http-nio-8080-exec-2] INFO  c.c.i.controller.EventController - PUT request received to update event with ID: 232
2024-07-17 10:56:51 [http-nio-8080-exec-2] INFO  c.c.i.dao.mappersDTO.EventMapperDTO - Converted EventDTO to entity: Event(id=null, organizerId=null, title=Pupa, organizer=null, dateAndTime=null, ticketPrice=0, location=null, capacity=0, soldTickets=0, description=null, topic=null, ageRestriction=false, user=null, likeBy=[], tickets=[], log=null)
2024-07-17 10:56:51 [http-nio-8080-exec-2] INFO  c.c.i.service.EventServiceImpl - Updating event with id: 232
2024-07-17 10:56:51 [http-nio-8080-exec-2] INFO  c.c.i.service.EventServiceImpl - Fetching event with id: 232
2024-07-17 10:56:51 [http-nio-8080-exec-2] WARN  c.c.i.service.EventServiceImpl - Event with id 232 not found for update
2024-07-17 10:56:51 [http-nio-8080-exec-2] WARN  c.c.i.controller.EventController - Failed to update event with ID 232: Event with id 232 not found
